  CalatorOras.cpp
C:\Users\Dragos\Desktop\VisualStudio\Randemic\Randemic_cod\RandomGen\CalatorOras.cpp(11,24): warning C4244: 'argument': conversion from 'const int' to 'float', possible loss of data
C:\Users\Dragos\Desktop\VisualStudio\Randemic\Randemic_cod\RandomGen\CalatorOras.cpp(22,9): warning C4244: 'initializing': conversion from 'float' to 'int', possible loss of data
C:\Users\Dragos\Desktop\VisualStudio\Randemic\Randemic_cod\RandomGen\CalatorOras.cpp(23,9): warning C4244: 'initializing': conversion from 'float' to 'int', possible loss of data
  SimulareScenariuOras.cpp
C:\Users\Dragos\Desktop\VisualStudio\Randemic\Randemic_cod\RandomGen\SimulareScenariuOras.cpp(158,21): warning C4018: '<': signed/unsigned mismatch
C:\Users\Dragos\Desktop\VisualStudio\Randemic\Randemic_cod\RandomGen\SimulareScenariuOras.cpp(181,69): warning C4244: 'argument': conversion from 'float' to 'int', possible loss of data
C:\Users\Dragos\Desktop\VisualStudio\Randemic\Randemic_cod\RandomGen\SimulareScenariuOras.cpp(181,65): warning C4244: 'argument': conversion from 'float' to 'int', possible loss of data
C:\Users\Dragos\Desktop\VisualStudio\Randemic\Randemic_cod\RandomGen\SimulareScenariuOras.cpp(181,61): warning C4244: 'argument': conversion from 'float' to 'int', possible loss of data
C:\Users\Dragos\Desktop\VisualStudio\Randemic\Randemic_cod\RandomGen\SimulareScenariuOras.cpp(181,57): warning C4244: 'argument': conversion from 'float' to 'int', possible loss of data
C:\Users\Dragos\Desktop\VisualStudio\Randemic\Randemic_cod\RandomGen\SimulareScenariuOras.cpp(186,20): warning C4018: '<': signed/unsigned mismatch
C:\Users\Dragos\Desktop\VisualStudio\Randemic\Randemic_cod\RandomGen\SimulareScenariuOras.cpp(231,12): warning C4244: 'argument': conversion from 'time_t' to 'unsigned int', possible loss of data
C:\Users\Dragos\Desktop\VisualStudio\Randemic\Randemic_cod\RandomGen\SimulareScenariuOras.cpp(258,36): warning C4244: 'argument': conversion from 'const float' to 'unsigned int', possible loss of data
C:\Users\Dragos\Desktop\VisualStudio\Randemic\Randemic_cod\RandomGen\SimulareScenariuOras.cpp(228,8): warning C4996: 'fopen': This function or variable may be unsafe. Consider using fopen_s instead. To disable deprecation, use _CRT_SECURE_NO_WARNINGS. See online help for details.
C:\Users\Dragos\Desktop\VisualStudio\Randemic\Randemic_cod\RandomGen\SimulareScenariuOras.cpp(229,9): warning C4996: 'fopen': This function or variable may be unsafe. Consider using fopen_s instead. To disable deprecation, use _CRT_SECURE_NO_WARNINGS. See online help for details.
C:\Users\Dragos\Desktop\VisualStudio\Randemic\Randemic_cod\RandomGen\SimulareScenariuOras.cpp(255,7): warning C4102: 'window': unreferenced label
C:\Users\Dragos\Desktop\VisualStudio\Randemic\Randemic_cod\RandomGen\SimulareScenariuOras.cpp(261,11): warning C4102: 'background': unreferenced label
C:\Users\Dragos\Desktop\VisualStudio\Randemic\Randemic_cod\RandomGen\SimulareScenariuOras.cpp(270,10): warning C4102: 'font_text': unreferenced label
C:\Users\Dragos\Desktop\VisualStudio\Randemic\Randemic_cod\RandomGen\SimulareScenariuOras.cpp(296,11): warning C4102: 'adaugOmase': unreferenced label
C:\Users\Dragos\Desktop\VisualStudio\Randemic\Randemic_cod\RandomGen\SimulareScenariuOras.cpp(323,8): warning C4102: 'display': unreferenced label
  Generating Code...
  RandomGen.vcxproj -> C:\Users\Dragos\Desktop\VisualStudio\Randemic\Randemic_cod\Debug\RandomGen.exe
